2014-07-09 17:01:42 [main] DEBUG
				com.bsc.dao.UserMapper.findListByPage-ooo Using Connection [com.alibaba.druid.proxy.jdbc.ConnectionProxyImpl@2da4b6e1]
2014-07-09 17:01:42 [main] DEBUG
				com.bsc.dao.UserMapper.findListByPage-==>  Preparing: select count(0) from (select u.USER_ID,u.USER_NAME,u.DB_USER,u.USER_DEPT,u.CREATE_DATE from USERS u) 
2014-07-09 17:01:42 [main] DEBUG
				com.bsc.dao.UserMapper.findListByPage-==> Parameters: 
2014-07-09 17:01:43 [main] ERROR
				com.bsc.handler.PageInterceptor-Ignore this exception
java.sql.SQLSyntaxErrorException: ORA-00942: 表或视图不存在

	at oracle.jdbc.driver.T4CTTIoer.processError(T4CTTIoer.java:450) ~[oracle-7.0.jar:12.1.0.1.0]
	at oracle.jdbc.driver.T4CTTIoer.processError(T4CTTIoer.java:399) ~[oracle-7.0.jar:12.1.0.1.0]
	at oracle.jdbc.driver.T4C8Oall.processError(T4C8Oall.java:1017) ~[oracle-7.0.jar:12.1.0.1.0]
	at oracle.jdbc.driver.T4CTTIfun.receive(T4CTTIfun.java:655) ~[oracle-7.0.jar:12.1.0.1.0]
	at oracle.jdbc.driver.T4CTTIfun.doRPC(T4CTTIfun.java:249) ~[oracle-7.0.jar:12.1.0.1.0]
	at oracle.jdbc.driver.T4C8Oall.doOALL(T4C8Oall.java:566) ~[oracle-7.0.jar:12.1.0.1.0]
	at oracle.jdbc.driver.T4CPreparedStatement.doOall8(T4CPreparedStatement.java:215) ~[oracle-7.0.jar:12.1.0.1.0]
	at oracle.jdbc.driver.T4CPreparedStatement.doOall8(T4CPreparedStatement.java:58) ~[oracle-7.0.jar:12.1.0.1.0]
	at oracle.jdbc.driver.T4CPreparedStatement.executeForDescribe(T4CPreparedStatement.java:776) ~[oracle-7.0.jar:12.1.0.1.0]
	at oracle.jdbc.driver.OracleStatement.executeMaybeDescribe(OracleStatement.java:897) ~[oracle-7.0.jar:12.1.0.1.0]
	at oracle.jdbc.driver.OracleStatement.doExecuteWithTimeout(OracleStatement.java:1034) ~[oracle-7.0.jar:12.1.0.1.0]
	at oracle.jdbc.driver.OraclePreparedStatement.executeInternal(OraclePreparedStatement.java:3820) ~[oracle-7.0.jar:12.1.0.1.0]
	at oracle.jdbc.driver.OraclePreparedStatement.executeQuery(OraclePreparedStatement.java:3867) ~[oracle-7.0.jar:12.1.0.1.0]
	at oracle.jdbc.driver.OraclePreparedStatementWrapper.executeQuery(OraclePreparedStatementWrapper.java:1502) ~[oracle-7.0.jar:12.1.0.1.0]
	at com.alibaba.druid.filter.FilterChainImpl.preparedStatement_executeQuery(FilterChainImpl.java:2714) ~[druid-1.0.5.jar:1.0.5]
	at com.alibaba.druid.filter.FilterEventAdapter.preparedStatement_executeQuery(FilterEventAdapter.java:465) ~[druid-1.0.5.jar:1.0.5]
	at com.alibaba.druid.filter.FilterChainImpl.preparedStatement_executeQuery(FilterChainImpl.java:2711) ~[druid-1.0.5.jar:1.0.5]
	at com.alibaba.druid.proxy.jdbc.PreparedStatementProxyImpl.executeQuery(PreparedStatementProxyImpl.java:132) ~[druid-1.0.5.jar:1.0.5]
	at com.alibaba.druid.pool.DruidPooledPreparedStatement.executeQuery(DruidPooledPreparedStatement.java:227) ~[druid-1.0.5.jar:1.0.5]
	at sun.reflect.NativeMethodAccessorImpl.invoke0(Native Method) ~[na:1.7.0_51]
	at sun.reflect.NativeMethodAccessorImpl.invoke(NativeMethodAccessorImpl.java:57) ~[na:1.7.0_51]
	at sun.reflect.DelegatingMethodAccessorImpl.invoke(DelegatingMethodAccessorImpl.java:43) ~[na:1.7.0_51]
	at java.lang.reflect.Method.invoke(Method.java:606) ~[na:1.7.0_51]
	at org.apache.ibatis.logging.jdbc.PreparedStatementLogger.invoke(PreparedStatementLogger.java:48) ~[mybatis-3.2.2.jar:3.2.2]
	at com.sun.proxy.$Proxy30.executeQuery(Unknown Source) ~[na:na]
	at com.bsc.handler.PageInterceptor.setPageParameter(PageInterceptor.java:121) [classes/:na]
	at com.bsc.handler.PageInterceptor.intercept(PageInterceptor.java:93) [classes/:na]
	at org.apache.ibatis.plugin.Plugin.invoke(Plugin.java:57) [mybatis-3.2.2.jar:3.2.2]
	at com.sun.proxy.$Proxy28.prepare(Unknown Source) [na:na]
	at org.apache.ibatis.executor.ReuseExecutor.prepareStatement(ReuseExecutor.java:73) [mybatis-3.2.2.jar:3.2.2]
	at org.apache.ibatis.executor.ReuseExecutor.doQuery(ReuseExecutor.java:53) [mybatis-3.2.2.jar:3.2.2]
	at org.apache.ibatis.executor.BaseExecutor.queryFromDatabase(BaseExecutor.java:259) [mybatis-3.2.2.jar:3.2.2]
	at org.apache.ibatis.executor.BaseExecutor.query(BaseExecutor.java:132) [mybatis-3.2.2.jar:3.2.2]
	at org.apache.ibatis.executor.CachingExecutor.query(CachingExecutor.java:105) [mybatis-3.2.2.jar:3.2.2]
	at org.apache.ibatis.executor.CachingExecutor.query(CachingExecutor.java:81) [mybatis-3.2.2.jar:3.2.2]
	at org.apache.ibatis.session.defaults.DefaultSqlSession.selectList(DefaultSqlSession.java:104) [mybatis-3.2.2.jar:3.2.2]
	at org.apache.ibatis.session.defaults.DefaultSqlSession.selectList(DefaultSqlSession.java:98) [mybatis-3.2.2.jar:3.2.2]
	at sun.reflect.NativeMethodAccessorImpl.invoke0(Native Method) ~[na:1.7.0_51]
	at sun.reflect.NativeMethodAccessorImpl.invoke(NativeMethodAccessorImpl.java:57) ~[na:1.7.0_51]
	at sun.reflect.DelegatingMethodAccessorImpl.invoke(DelegatingMethodAccessorImpl.java:43) ~[na:1.7.0_51]
	at java.lang.reflect.Method.invoke(Method.java:606) ~[na:1.7.0_51]
	at org.mybatis.spring.SqlSessionTemplate$SqlSessionInterceptor.invoke(SqlSessionTemplate.java:354) [mybatis-spring-1.2.0.jar:1.2.0]
	at com.sun.proxy.$Proxy21.selectList(Unknown Source) [na:na]
	at org.mybatis.spring.SqlSessionTemplate.selectList(SqlSessionTemplate.java:194) [mybatis-spring-1.2.0.jar:1.2.0]
	at org.apache.ibatis.binding.MapperMethod.executeForMany(MapperMethod.java:114) [mybatis-3.2.2.jar:3.2.2]
	at org.apache.ibatis.binding.MapperMethod.execute(MapperMethod.java:58) [mybatis-3.2.2.jar:3.2.2]
	at org.apache.ibatis.binding.MapperProxy.invoke(MapperProxy.java:43) [mybatis-3.2.2.jar:3.2.2]
	at com.sun.proxy.$Proxy22.findListByPage(Unknown Source) [na:na]
	at com.bsc.test.SpringTestUtils.testUser(SpringTestUtils.java:29) [classes/:na]
	at sun.reflect.NativeMethodAccessorImpl.invoke0(Native Method) ~[na:1.7.0_51]
	at sun.reflect.NativeMethodAccessorImpl.invoke(NativeMethodAccessorImpl.java:57) ~[na:1.7.0_51]
	at sun.reflect.DelegatingMethodAccessorImpl.invoke(DelegatingMethodAccessorImpl.java:43) ~[na:1.7.0_51]
	at java.lang.reflect.Method.invoke(Method.java:606) ~[na:1.7.0_51]
	at org.junit.runners.model.FrameworkMethod$1.runReflectiveCall(FrameworkMethod.java:47) [junit-4.11.jar:na]
	at org.junit.internal.runners.model.ReflectiveCallable.run(ReflectiveCallable.java:12) [junit-4.11.jar:na]
	at org.junit.runners.model.FrameworkMethod.invokeExplosively(FrameworkMethod.java:44) [junit-4.11.jar:na]
	at org.junit.internal.runners.statements.InvokeMethod.evaluate(InvokeMethod.java:17) [junit-4.11.jar:na]
	at org.springframework.test.context.junit4.statements.RunBeforeTestMethodCallbacks.evaluate(RunBeforeTestMethodCallbacks.java:74) [spring-test-3.2.2.RELEASE.jar:3.2.2.RELEASE]
	at org.springframework.test.context.junit4.statements.RunAfterTestMethodCallbacks.evaluate(RunAfterTestMethodCallbacks.java:83) [spring-test-3.2.2.RELEASE.jar:3.2.2.RELEASE]
	at org.springframework.test.context.junit4.statements.SpringRepeat.evaluate(SpringRepeat.java:72) [spring-test-3.2.2.RELEASE.jar:3.2.2.RELEASE]
	at org.springframework.test.context.junit4.SpringJUnit4ClassRunner.runChild(SpringJUnit4ClassRunner.java:231) [spring-test-3.2.2.RELEASE.jar:3.2.2.RELEASE]
	at org.springframework.test.context.junit4.SpringJUnit4ClassRunner.runChild(SpringJUnit4ClassRunner.java:88) [spring-test-3.2.2.RELEASE.jar:3.2.2.RELEASE]
	at org.junit.runners.ParentRunner$3.run(ParentRunner.java:238) [junit-4.11.jar:na]
	at org.junit.runners.ParentRunner$1.schedule(ParentRunner.java:63) [junit-4.11.jar:na]
	at org.junit.runners.ParentRunner.runChildren(ParentRunner.java:236) [junit-4.11.jar:na]
	at org.junit.runners.ParentRunner.access$000(ParentRunner.java:53) [junit-4.11.jar:na]
	at org.junit.runners.ParentRunner$2.evaluate(ParentRunner.java:229) [junit-4.11.jar:na]
	at org.springframework.test.context.junit4.statements.RunBeforeTestClassCallbacks.evaluate(RunBeforeTestClassCallbacks.java:61) [spring-test-3.2.2.RELEASE.jar:3.2.2.RELEASE]
	at org.springframework.test.context.junit4.statements.RunAfterTestClassCallbacks.evaluate(RunAfterTestClassCallbacks.java:71) [spring-test-3.2.2.RELEASE.jar:3.2.2.RELEASE]
	at org.junit.runners.ParentRunner.run(ParentRunner.java:309) [junit-4.11.jar:na]
	at org.springframework.test.context.junit4.SpringJUnit4ClassRunner.run(SpringJUnit4ClassRunner.java:174) [spring-test-3.2.2.RELEASE.jar:3.2.2.RELEASE]
	at org.eclipse.jdt.internal.junit4.runner.JUnit4TestReference.run(JUnit4TestReference.java:50) [.cp/:na]
	at org.eclipse.jdt.internal.junit.runner.TestExecution.run(TestExecution.java:38) [.cp/:na]
	at org.eclipse.jdt.internal.junit.runner.RemoteTestRunner.runTests(RemoteTestRunner.java:467) [.cp/:na]
	at org.eclipse.jdt.internal.junit.runner.RemoteTestRunner.runTests(RemoteTestRunner.java:683) [.cp/:na]
	at org.eclipse.jdt.internal.junit.runner.RemoteTestRunner.run(RemoteTestRunner.java:390) [.cp/:na]
	at org.eclipse.jdt.internal.junit.runner.RemoteTestRunner.main(RemoteTestRunner.java:197) [.cp/:na]
2014-07-09 17:04:18 [main] DEBUG
				com.bsc.dao.UserMapper.findListByPage-ooo Using Connection [com.alibaba.druid.proxy.jdbc.ConnectionProxyImpl@18d23902]
2014-07-09 17:04:18 [main] DEBUG
				com.bsc.dao.UserMapper.findListByPage-==>  Preparing: select count(0) from (select u.USER_ID,u.USER_NAME,u.DB_USER,u.USER_DEPT,u.CREATE_DATE from USERS u) 
2014-07-09 17:04:18 [main] DEBUG
				com.bsc.dao.UserMapper.findListByPage-==> Parameters: 
2014-07-09 17:04:18 [main] ERROR
				com.bsc.handler.PageInterceptor-Ignore this exception
java.sql.SQLSyntaxErrorException: ORA-00942: 表或视图不存在

	at oracle.jdbc.driver.T4CTTIoer.processError(T4CTTIoer.java:450) ~[oracle-7.0.jar:12.1.0.1.0]
	at oracle.jdbc.driver.T4CTTIoer.processError(T4CTTIoer.java:399) ~[oracle-7.0.jar:12.1.0.1.0]
	at oracle.jdbc.driver.T4C8Oall.processError(T4C8Oall.java:1017) ~[oracle-7.0.jar:12.1.0.1.0]
	at oracle.jdbc.driver.T4CTTIfun.receive(T4CTTIfun.java:655) ~[oracle-7.0.jar:12.1.0.1.0]
	at oracle.jdbc.driver.T4CTTIfun.doRPC(T4CTTIfun.java:249) ~[oracle-7.0.jar:12.1.0.1.0]
	at oracle.jdbc.driver.T4C8Oall.doOALL(T4C8Oall.java:566) ~[oracle-7.0.jar:12.1.0.1.0]
	at oracle.jdbc.driver.T4CPreparedStatement.doOall8(T4CPreparedStatement.java:215) ~[oracle-7.0.jar:12.1.0.1.0]
	at oracle.jdbc.driver.T4CPreparedStatement.doOall8(T4CPreparedStatement.java:58) ~[oracle-7.0.jar:12.1.0.1.0]
	at oracle.jdbc.driver.T4CPreparedStatement.executeForDescribe(T4CPreparedStatement.java:776) ~[oracle-7.0.jar:12.1.0.1.0]
	at oracle.jdbc.driver.OracleStatement.executeMaybeDescribe(OracleStatement.java:897) ~[oracle-7.0.jar:12.1.0.1.0]
	at oracle.jdbc.driver.OracleStatement.doExecuteWithTimeout(OracleStatement.java:1034) ~[oracle-7.0.jar:12.1.0.1.0]
	at oracle.jdbc.driver.OraclePreparedStatement.executeInternal(OraclePreparedStatement.java:3820) ~[oracle-7.0.jar:12.1.0.1.0]
	at oracle.jdbc.driver.OraclePreparedStatement.executeQuery(OraclePreparedStatement.java:3867) ~[oracle-7.0.jar:12.1.0.1.0]
	at oracle.jdbc.driver.OraclePreparedStatementWrapper.executeQuery(OraclePreparedStatementWrapper.java:1502) ~[oracle-7.0.jar:12.1.0.1.0]
	at com.alibaba.druid.filter.FilterChainImpl.preparedStatement_executeQuery(FilterChainImpl.java:2714) ~[druid-1.0.5.jar:1.0.5]
	at com.alibaba.druid.filter.FilterEventAdapter.preparedStatement_executeQuery(FilterEventAdapter.java:465) ~[druid-1.0.5.jar:1.0.5]
	at com.alibaba.druid.filter.FilterChainImpl.preparedStatement_executeQuery(FilterChainImpl.java:2711) ~[druid-1.0.5.jar:1.0.5]
	at com.alibaba.druid.proxy.jdbc.PreparedStatementProxyImpl.executeQuery(PreparedStatementProxyImpl.java:132) ~[druid-1.0.5.jar:1.0.5]
	at com.alibaba.druid.pool.DruidPooledPreparedStatement.executeQuery(DruidPooledPreparedStatement.java:227) ~[druid-1.0.5.jar:1.0.5]
	at sun.reflect.NativeMethodAccessorImpl.invoke0(Native Method) ~[na:1.7.0_51]
	at sun.reflect.NativeMethodAccessorImpl.invoke(NativeMethodAccessorImpl.java:57) ~[na:1.7.0_51]
	at sun.reflect.DelegatingMethodAccessorImpl.invoke(DelegatingMethodAccessorImpl.java:43) ~[na:1.7.0_51]
	at java.lang.reflect.Method.invoke(Method.java:606) ~[na:1.7.0_51]
	at org.apache.ibatis.logging.jdbc.PreparedStatementLogger.invoke(PreparedStatementLogger.java:48) ~[mybatis-3.2.2.jar:3.2.2]
	at com.sun.proxy.$Proxy30.executeQuery(Unknown Source) ~[na:na]
	at com.bsc.handler.PageInterceptor.setPageParameter(PageInterceptor.java:121) [classes/:na]
	at com.bsc.handler.PageInterceptor.intercept(PageInterceptor.java:93) [classes/:na]
	at org.apache.ibatis.plugin.Plugin.invoke(Plugin.java:57) [mybatis-3.2.2.jar:3.2.2]
	at com.sun.proxy.$Proxy28.prepare(Unknown Source) [na:na]
	at org.apache.ibatis.executor.ReuseExecutor.prepareStatement(ReuseExecutor.java:73) [mybatis-3.2.2.jar:3.2.2]
	at org.apache.ibatis.executor.ReuseExecutor.doQuery(ReuseExecutor.java:53) [mybatis-3.2.2.jar:3.2.2]
	at org.apache.ibatis.executor.BaseExecutor.queryFromDatabase(BaseExecutor.java:259) [mybatis-3.2.2.jar:3.2.2]
	at org.apache.ibatis.executor.BaseExecutor.query(BaseExecutor.java:132) [mybatis-3.2.2.jar:3.2.2]
	at org.apache.ibatis.executor.CachingExecutor.query(CachingExecutor.java:105) [mybatis-3.2.2.jar:3.2.2]
	at org.apache.ibatis.executor.CachingExecutor.query(CachingExecutor.java:81) [mybatis-3.2.2.jar:3.2.2]
	at org.apache.ibatis.session.defaults.DefaultSqlSession.selectList(DefaultSqlSession.java:104) [mybatis-3.2.2.jar:3.2.2]
	at org.apache.ibatis.session.defaults.DefaultSqlSession.selectList(DefaultSqlSession.java:98) [mybatis-3.2.2.jar:3.2.2]
	at sun.reflect.NativeMethodAccessorImpl.invoke0(Native Method) ~[na:1.7.0_51]
	at sun.reflect.NativeMethodAccessorImpl.invoke(NativeMethodAccessorImpl.java:57) ~[na:1.7.0_51]
	at sun.reflect.DelegatingMethodAccessorImpl.invoke(DelegatingMethodAccessorImpl.java:43) ~[na:1.7.0_51]
	at java.lang.reflect.Method.invoke(Method.java:606) ~[na:1.7.0_51]
	at org.mybatis.spring.SqlSessionTemplate$SqlSessionInterceptor.invoke(SqlSessionTemplate.java:354) [mybatis-spring-1.2.0.jar:1.2.0]
	at com.sun.proxy.$Proxy21.selectList(Unknown Source) [na:na]
	at org.mybatis.spring.SqlSessionTemplate.selectList(SqlSessionTemplate.java:194) [mybatis-spring-1.2.0.jar:1.2.0]
	at org.apache.ibatis.binding.MapperMethod.executeForMany(MapperMethod.java:114) [mybatis-3.2.2.jar:3.2.2]
	at org.apache.ibatis.binding.MapperMethod.execute(MapperMethod.java:58) [mybatis-3.2.2.jar:3.2.2]
	at org.apache.ibatis.binding.MapperProxy.invoke(MapperProxy.java:43) [mybatis-3.2.2.jar:3.2.2]
	at com.sun.proxy.$Proxy22.findListByPage(Unknown Source) [na:na]
	at com.bsc.test.SpringTestUtils.testUser(SpringTestUtils.java:29) [classes/:na]
	at sun.reflect.NativeMethodAccessorImpl.invoke0(Native Method) ~[na:1.7.0_51]
	at sun.reflect.NativeMethodAccessorImpl.invoke(NativeMethodAccessorImpl.java:57) ~[na:1.7.0_51]
	at sun.reflect.DelegatingMethodAccessorImpl.invoke(DelegatingMethodAccessorImpl.java:43) ~[na:1.7.0_51]
	at java.lang.reflect.Method.invoke(Method.java:606) ~[na:1.7.0_51]
	at org.junit.runners.model.FrameworkMethod$1.runReflectiveCall(FrameworkMethod.java:47) [junit-4.11.jar:na]
	at org.junit.internal.runners.model.ReflectiveCallable.run(ReflectiveCallable.java:12) [junit-4.11.jar:na]
	at org.junit.runners.model.FrameworkMethod.invokeExplosively(FrameworkMethod.java:44) [junit-4.11.jar:na]
	at org.junit.internal.runners.statements.InvokeMethod.evaluate(InvokeMethod.java:17) [junit-4.11.jar:na]
	at org.springframework.test.context.junit4.statements.RunBeforeTestMethodCallbacks.evaluate(RunBeforeTestMethodCallbacks.java:74) [spring-test-3.2.2.RELEASE.jar:3.2.2.RELEASE]
	at org.springframework.test.context.junit4.statements.RunAfterTestMethodCallbacks.evaluate(RunAfterTestMethodCallbacks.java:83) [spring-test-3.2.2.RELEASE.jar:3.2.2.RELEASE]
	at org.springframework.test.context.junit4.statements.SpringRepeat.evaluate(SpringRepeat.java:72) [spring-test-3.2.2.RELEASE.jar:3.2.2.RELEASE]
	at org.springframework.test.context.junit4.SpringJUnit4ClassRunner.runChild(SpringJUnit4ClassRunner.java:231) [spring-test-3.2.2.RELEASE.jar:3.2.2.RELEASE]
	at org.springframework.test.context.junit4.SpringJUnit4ClassRunner.runChild(SpringJUnit4ClassRunner.java:88) [spring-test-3.2.2.RELEASE.jar:3.2.2.RELEASE]
	at org.junit.runners.ParentRunner$3.run(ParentRunner.java:238) [junit-4.11.jar:na]
	at org.junit.runners.ParentRunner$1.schedule(ParentRunner.java:63) [junit-4.11.jar:na]
	at org.junit.runners.ParentRunner.runChildren(ParentRunner.java:236) [junit-4.11.jar:na]
	at org.junit.runners.ParentRunner.access$000(ParentRunner.java:53) [junit-4.11.jar:na]
	at org.junit.runners.ParentRunner$2.evaluate(ParentRunner.java:229) [junit-4.11.jar:na]
	at org.springframework.test.context.junit4.statements.RunBeforeTestClassCallbacks.evaluate(RunBeforeTestClassCallbacks.java:61) [spring-test-3.2.2.RELEASE.jar:3.2.2.RELEASE]
	at org.springframework.test.context.junit4.statements.RunAfterTestClassCallbacks.evaluate(RunAfterTestClassCallbacks.java:71) [spring-test-3.2.2.RELEASE.jar:3.2.2.RELEASE]
	at org.junit.runners.ParentRunner.run(ParentRunner.java:309) [junit-4.11.jar:na]
	at org.springframework.test.context.junit4.SpringJUnit4ClassRunner.run(SpringJUnit4ClassRunner.java:174) [spring-test-3.2.2.RELEASE.jar:3.2.2.RELEASE]
	at org.eclipse.jdt.internal.junit4.runner.JUnit4TestReference.run(JUnit4TestReference.java:50) [.cp/:na]
	at org.eclipse.jdt.internal.junit.runner.TestExecution.run(TestExecution.java:38) [.cp/:na]
	at org.eclipse.jdt.internal.junit.runner.RemoteTestRunner.runTests(RemoteTestRunner.java:467) [.cp/:na]
	at org.eclipse.jdt.internal.junit.runner.RemoteTestRunner.runTests(RemoteTestRunner.java:683) [.cp/:na]
	at org.eclipse.jdt.internal.junit.runner.RemoteTestRunner.run(RemoteTestRunner.java:390) [.cp/:na]
	at org.eclipse.jdt.internal.junit.runner.RemoteTestRunner.main(RemoteTestRunner.java:197) [.cp/:na]
2014-07-09 17:05:26 [main] DEBUG
				com.bsc.dao.UserMapper.findListByPage-ooo Using Connection [com.alibaba.druid.proxy.jdbc.ConnectionProxyImpl@21069cba]
2014-07-09 17:05:26 [main] DEBUG
				com.bsc.dao.UserMapper.findListByPage-==>  Preparing: select count(0) from (select u.USER_ID,u.USER_NAME,u.DB_USER,u.USER_DEPT,u.CREATE_DATE from USERS u) 
2014-07-09 17:05:26 [main] DEBUG
				com.bsc.dao.UserMapper.findListByPage-==> Parameters: 
2014-07-09 17:05:26 [main] ERROR
				com.bsc.handler.PageInterceptor-Ignore this exception
java.sql.SQLSyntaxErrorException: ORA-00942: 表或视图不存在

	at oracle.jdbc.driver.T4CTTIoer.processError(T4CTTIoer.java:450) ~[oracle-7.0.jar:12.1.0.1.0]
	at oracle.jdbc.driver.T4CTTIoer.processError(T4CTTIoer.java:399) ~[oracle-7.0.jar:12.1.0.1.0]
	at oracle.jdbc.driver.T4C8Oall.processError(T4C8Oall.java:1017) ~[oracle-7.0.jar:12.1.0.1.0]
	at oracle.jdbc.driver.T4CTTIfun.receive(T4CTTIfun.java:655) ~[oracle-7.0.jar:12.1.0.1.0]
	at oracle.jdbc.driver.T4CTTIfun.doRPC(T4CTTIfun.java:249) ~[oracle-7.0.jar:12.1.0.1.0]
	at oracle.jdbc.driver.T4C8Oall.doOALL(T4C8Oall.java:566) ~[oracle-7.0.jar:12.1.0.1.0]
	at oracle.jdbc.driver.T4CPreparedStatement.doOall8(T4CPreparedStatement.java:215) ~[oracle-7.0.jar:12.1.0.1.0]
	at oracle.jdbc.driver.T4CPreparedStatement.doOall8(T4CPreparedStatement.java:58) ~[oracle-7.0.jar:12.1.0.1.0]
	at oracle.jdbc.driver.T4CPreparedStatement.executeForDescribe(T4CPreparedStatement.java:776) ~[oracle-7.0.jar:12.1.0.1.0]
	at oracle.jdbc.driver.OracleStatement.executeMaybeDescribe(OracleStatement.java:897) ~[oracle-7.0.jar:12.1.0.1.0]
	at oracle.jdbc.driver.OracleStatement.doExecuteWithTimeout(OracleStatement.java:1034) ~[oracle-7.0.jar:12.1.0.1.0]
	at oracle.jdbc.driver.OraclePreparedStatement.executeInternal(OraclePreparedStatement.java:3820) ~[oracle-7.0.jar:12.1.0.1.0]
	at oracle.jdbc.driver.OraclePreparedStatement.executeQuery(OraclePreparedStatement.java:3867) ~[oracle-7.0.jar:12.1.0.1.0]
	at oracle.jdbc.driver.OraclePreparedStatementWrapper.executeQuery(OraclePreparedStatementWrapper.java:1502) ~[oracle-7.0.jar:12.1.0.1.0]
	at com.alibaba.druid.filter.FilterChainImpl.preparedStatement_executeQuery(FilterChainImpl.java:2714) ~[druid-1.0.5.jar:1.0.5]
	at com.alibaba.druid.filter.FilterEventAdapter.preparedStatement_executeQuery(FilterEventAdapter.java:465) ~[druid-1.0.5.jar:1.0.5]
	at com.alibaba.druid.filter.FilterChainImpl.preparedStatement_executeQuery(FilterChainImpl.java:2711) ~[druid-1.0.5.jar:1.0.5]
	at com.alibaba.druid.proxy.jdbc.PreparedStatementProxyImpl.executeQuery(PreparedStatementProxyImpl.java:132) ~[druid-1.0.5.jar:1.0.5]
	at com.alibaba.druid.pool.DruidPooledPreparedStatement.executeQuery(DruidPooledPreparedStatement.java:227) ~[druid-1.0.5.jar:1.0.5]
	at sun.reflect.NativeMethodAccessorImpl.invoke0(Native Method) ~[na:1.7.0_51]
	at sun.reflect.NativeMethodAccessorImpl.invoke(NativeMethodAccessorImpl.java:57) ~[na:1.7.0_51]
	at sun.reflect.DelegatingMethodAccessorImpl.invoke(DelegatingMethodAccessorImpl.java:43) ~[na:1.7.0_51]
	at java.lang.reflect.Method.invoke(Method.java:606) ~[na:1.7.0_51]
	at org.apache.ibatis.logging.jdbc.PreparedStatementLogger.invoke(PreparedStatementLogger.java:48) ~[mybatis-3.2.2.jar:3.2.2]
	at com.sun.proxy.$Proxy30.executeQuery(Unknown Source) ~[na:na]
	at com.bsc.handler.PageInterceptor.setPageParameter(PageInterceptor.java:121) [classes/:na]
	at com.bsc.handler.PageInterceptor.intercept(PageInterceptor.java:93) [classes/:na]
	at org.apache.ibatis.plugin.Plugin.invoke(Plugin.java:57) [mybatis-3.2.2.jar:3.2.2]
	at com.sun.proxy.$Proxy28.prepare(Unknown Source) [na:na]
	at org.apache.ibatis.executor.ReuseExecutor.prepareStatement(ReuseExecutor.java:73) [mybatis-3.2.2.jar:3.2.2]
	at org.apache.ibatis.executor.ReuseExecutor.doQuery(ReuseExecutor.java:53) [mybatis-3.2.2.jar:3.2.2]
	at org.apache.ibatis.executor.BaseExecutor.queryFromDatabase(BaseExecutor.java:259) [mybatis-3.2.2.jar:3.2.2]
	at org.apache.ibatis.executor.BaseExecutor.query(BaseExecutor.java:132) [mybatis-3.2.2.jar:3.2.2]
	at org.apache.ibatis.executor.CachingExecutor.query(CachingExecutor.java:105) [mybatis-3.2.2.jar:3.2.2]
	at org.apache.ibatis.executor.CachingExecutor.query(CachingExecutor.java:81) [mybatis-3.2.2.jar:3.2.2]
	at org.apache.ibatis.session.defaults.DefaultSqlSession.selectList(DefaultSqlSession.java:104) [mybatis-3.2.2.jar:3.2.2]
	at org.apache.ibatis.session.defaults.DefaultSqlSession.selectList(DefaultSqlSession.java:98) [mybatis-3.2.2.jar:3.2.2]
	at sun.reflect.NativeMethodAccessorImpl.invoke0(Native Method) ~[na:1.7.0_51]
	at sun.reflect.NativeMethodAccessorImpl.invoke(NativeMethodAccessorImpl.java:57) ~[na:1.7.0_51]
	at sun.reflect.DelegatingMethodAccessorImpl.invoke(DelegatingMethodAccessorImpl.java:43) ~[na:1.7.0_51]
	at java.lang.reflect.Method.invoke(Method.java:606) ~[na:1.7.0_51]
	at org.mybatis.spring.SqlSessionTemplate$SqlSessionInterceptor.invoke(SqlSessionTemplate.java:354) [mybatis-spring-1.2.0.jar:1.2.0]
	at com.sun.proxy.$Proxy21.selectList(Unknown Source) [na:na]
	at org.mybatis.spring.SqlSessionTemplate.selectList(SqlSessionTemplate.java:194) [mybatis-spring-1.2.0.jar:1.2.0]
	at org.apache.ibatis.binding.MapperMethod.executeForMany(MapperMethod.java:114) [mybatis-3.2.2.jar:3.2.2]
	at org.apache.ibatis.binding.MapperMethod.execute(MapperMethod.java:58) [mybatis-3.2.2.jar:3.2.2]
	at org.apache.ibatis.binding.MapperProxy.invoke(MapperProxy.java:43) [mybatis-3.2.2.jar:3.2.2]
	at com.sun.proxy.$Proxy22.findListByPage(Unknown Source) [na:na]
	at com.bsc.service.impl.UserServiceImpl.findListPage(UserServiceImpl.java:50) [classes/:na]
	at com.bsc.service.impl.UserServiceImpl$$FastClassByCGLIB$$3c3d0c5e.invoke(<generated>) [spring-core-3.2.2.RELEASE.jar:na]
	at org.springframework.cglib.proxy.MethodProxy.invoke(MethodProxy.java:204) [spring-core-3.2.2.RELEASE.jar:3.2.2.RELEASE]
	at org.springframework.aop.framework.CglibAopProxy$CglibMethodInvocation.invokeJoinpoint(CglibAopProxy.java:698) [spring-aop-3.2.2.RELEASE.jar:3.2.2.RELEASE]
	at org.springframework.aop.framework.ReflectiveMethodInvocation.proceed(ReflectiveMethodInvocation.java:150) [spring-aop-3.2.2.RELEASE.jar:3.2.2.RELEASE]
	at org.springframework.transaction.interceptor.TransactionInterceptor$1.proceedWithInvocation(TransactionInterceptor.java:96) [spring-tx-3.2.2.RELEASE.jar:3.2.2.RELEASE]
	at org.springframework.transaction.interceptor.TransactionAspectSupport.invokeWithinTransaction(TransactionAspectSupport.java:260) [spring-tx-3.2.2.RELEASE.jar:3.2.2.RELEASE]
	at org.springframework.transaction.interceptor.TransactionInterceptor.invoke(TransactionInterceptor.java:94) [spring-tx-3.2.2.RELEASE.jar:3.2.2.RELEASE]
	at org.springframework.aop.framework.ReflectiveMethodInvocation.proceed(ReflectiveMethodInvocation.java:172) [spring-aop-3.2.2.RELEASE.jar:3.2.2.RELEASE]
	at org.springframework.aop.framework.CglibAopProxy$DynamicAdvisedInterceptor.intercept(CglibAopProxy.java:631) [spring-aop-3.2.2.RELEASE.jar:3.2.2.RELEASE]
	at com.bsc.service.impl.UserServiceImpl$$EnhancerByCGLIB$$665ac96a.findListPage(<generated>) [spring-core-3.2.2.RELEASE.jar:na]
	at com.bsc.test.SpringTestUtils.testUser(SpringTestUtils.java:32) [classes/:na]
	at sun.reflect.NativeMethodAccessorImpl.invoke0(Native Method) ~[na:1.7.0_51]
	at sun.reflect.NativeMethodAccessorImpl.invoke(NativeMethodAccessorImpl.java:57) ~[na:1.7.0_51]
	at sun.reflect.DelegatingMethodAccessorImpl.invoke(DelegatingMethodAccessorImpl.java:43) ~[na:1.7.0_51]
	at java.lang.reflect.Method.invoke(Method.java:606) ~[na:1.7.0_51]
	at org.junit.runners.model.FrameworkMethod$1.runReflectiveCall(FrameworkMethod.java:47) [junit-4.11.jar:na]
	at org.junit.internal.runners.model.ReflectiveCallable.run(ReflectiveCallable.java:12) [junit-4.11.jar:na]
	at org.junit.runners.model.FrameworkMethod.invokeExplosively(FrameworkMethod.java:44) [junit-4.11.jar:na]
	at org.junit.internal.runners.statements.InvokeMethod.evaluate(InvokeMethod.java:17) [junit-4.11.jar:na]
	at org.springframework.test.context.junit4.statements.RunBeforeTestMethodCallbacks.evaluate(RunBeforeTestMethodCallbacks.java:74) [spring-test-3.2.2.RELEASE.jar:3.2.2.RELEASE]
	at org.springframework.test.context.junit4.statements.RunAfterTestMethodCallbacks.evaluate(RunAfterTestMethodCallbacks.java:83) [spring-test-3.2.2.RELEASE.jar:3.2.2.RELEASE]
	at org.springframework.test.context.junit4.statements.SpringRepeat.evaluate(SpringRepeat.java:72) [spring-test-3.2.2.RELEASE.jar:3.2.2.RELEASE]
	at org.springframework.test.context.junit4.SpringJUnit4ClassRunner.runChild(SpringJUnit4ClassRunner.java:231) [spring-test-3.2.2.RELEASE.jar:3.2.2.RELEASE]
	at org.springframework.test.context.junit4.SpringJUnit4ClassRunner.runChild(SpringJUnit4ClassRunner.java:88) [spring-test-3.2.2.RELEASE.jar:3.2.2.RELEASE]
	at org.junit.runners.ParentRunner$3.run(ParentRunner.java:238) [junit-4.11.jar:na]
	at org.junit.runners.ParentRunner$1.schedule(ParentRunner.java:63) [junit-4.11.jar:na]
	at org.junit.runners.ParentRunner.runChildren(ParentRunner.java:236) [junit-4.11.jar:na]
	at org.junit.runners.ParentRunner.access$000(ParentRunner.java:53) [junit-4.11.jar:na]
	at org.junit.runners.ParentRunner$2.evaluate(ParentRunner.java:229) [junit-4.11.jar:na]
	at org.springframework.test.context.junit4.statements.RunBeforeTestClassCallbacks.evaluate(RunBeforeTestClassCallbacks.java:61) [spring-test-3.2.2.RELEASE.jar:3.2.2.RELEASE]
	at org.springframework.test.context.junit4.statements.RunAfterTestClassCallbacks.evaluate(RunAfterTestClassCallbacks.java:71) [spring-test-3.2.2.RELEASE.jar:3.2.2.RELEASE]
	at org.junit.runners.ParentRunner.run(ParentRunner.java:309) [junit-4.11.jar:na]
	at org.springframework.test.context.junit4.SpringJUnit4ClassRunner.run(SpringJUnit4ClassRunner.java:174) [spring-test-3.2.2.RELEASE.jar:3.2.2.RELEASE]
	at org.eclipse.jdt.internal.junit4.runner.JUnit4TestReference.run(JUnit4TestReference.java:50) [.cp/:na]
	at org.eclipse.jdt.internal.junit.runner.TestExecution.run(TestExecution.java:38) [.cp/:na]
	at org.eclipse.jdt.internal.junit.runner.RemoteTestRunner.runTests(RemoteTestRunner.java:467) [.cp/:na]
	at org.eclipse.jdt.internal.junit.runner.RemoteTestRunner.runTests(RemoteTestRunner.java:683) [.cp/:na]
	at org.eclipse.jdt.internal.junit.runner.RemoteTestRunner.run(RemoteTestRunner.java:390) [.cp/:na]
	at org.eclipse.jdt.internal.junit.runner.RemoteTestRunner.main(RemoteTestRunner.java:197) [.cp/:na]
2014-07-09 17:05:26 [main] ERROR
				com.bsc.service.impl.UserServiceImpl-查询用户信息失败!
org.mybatis.spring.MyBatisSystemException: nested exception is org.apache.ibatis.exceptions.PersistenceException: 
### Error querying database.  Cause: java.lang.NullPointerException
### The error may exist in file [G:\workspace\his\target\classes\mappers\UserMapper.xml]
### The error may involve defaultParameterMap
### The error occurred while setting parameters
### Cause: java.lang.NullPointerException
	at org.mybatis.spring.MyBatisExceptionTranslator.translateExceptionIfPossible(MyBatisExceptionTranslator.java:73) ~[mybatis-spring-1.2.0.jar:1.2.0]
	at org.mybatis.spring.SqlSessionTemplate$SqlSessionInterceptor.invoke(SqlSessionTemplate.java:364) ~[mybatis-spring-1.2.0.jar:1.2.0]
	at com.sun.proxy.$Proxy21.selectList(Unknown Source) ~[na:na]
	at org.mybatis.spring.SqlSessionTemplate.selectList(SqlSessionTemplate.java:194) ~[mybatis-spring-1.2.0.jar:1.2.0]
	at org.apache.ibatis.binding.MapperMethod.executeForMany(MapperMethod.java:114) ~[mybatis-3.2.2.jar:3.2.2]
	at org.apache.ibatis.binding.MapperMethod.execute(MapperMethod.java:58) ~[mybatis-3.2.2.jar:3.2.2]
	at org.apache.ibatis.binding.MapperProxy.invoke(MapperProxy.java:43) ~[mybatis-3.2.2.jar:3.2.2]
	at com.sun.proxy.$Proxy22.findListByPage(Unknown Source) ~[na:na]
	at com.bsc.service.impl.UserServiceImpl.findListPage(UserServiceImpl.java:50) ~[classes/:na]
	at com.bsc.service.impl.UserServiceImpl$$FastClassByCGLIB$$3c3d0c5e.invoke(<generated>) [spring-core-3.2.2.RELEASE.jar:na]
	at org.springframework.cglib.proxy.MethodProxy.invoke(MethodProxy.java:204) [spring-core-3.2.2.RELEASE.jar:3.2.2.RELEASE]
	at org.springframework.aop.framework.CglibAopProxy$CglibMethodInvocation.invokeJoinpoint(CglibAopProxy.java:698) [spring-aop-3.2.2.RELEASE.jar:3.2.2.RELEASE]
	at org.springframework.aop.framework.ReflectiveMethodInvocation.proceed(ReflectiveMethodInvocation.java:150) [spring-aop-3.2.2.RELEASE.jar:3.2.2.RELEASE]
	at org.springframework.transaction.interceptor.TransactionInterceptor$1.proceedWithInvocation(TransactionInterceptor.java:96) [spring-tx-3.2.2.RELEASE.jar:3.2.2.RELEASE]
	at org.springframework.transaction.interceptor.TransactionAspectSupport.invokeWithinTransaction(TransactionAspectSupport.java:260) [spring-tx-3.2.2.RELEASE.jar:3.2.2.RELEASE]
	at org.springframework.transaction.interceptor.TransactionInterceptor.invoke(TransactionInterceptor.java:94) [spring-tx-3.2.2.RELEASE.jar:3.2.2.RELEASE]
	at org.springframework.aop.framework.ReflectiveMethodInvocation.proceed(ReflectiveMethodInvocation.java:172) [spring-aop-3.2.2.RELEASE.jar:3.2.2.RELEASE]
	at org.springframework.aop.framework.CglibAopProxy$DynamicAdvisedInterceptor.intercept(CglibAopProxy.java:631) [spring-aop-3.2.2.RELEASE.jar:3.2.2.RELEASE]
	at com.bsc.service.impl.UserServiceImpl$$EnhancerByCGLIB$$665ac96a.findListPage(<generated>) [spring-core-3.2.2.RELEASE.jar:na]
	at com.bsc.test.SpringTestUtils.testUser(SpringTestUtils.java:32) [classes/:na]
	at sun.reflect.NativeMethodAccessorImpl.invoke0(Native Method) ~[na:1.7.0_51]
	at sun.reflect.NativeMethodAccessorImpl.invoke(NativeMethodAccessorImpl.java:57) ~[na:1.7.0_51]
	at sun.reflect.DelegatingMethodAccessorImpl.invoke(DelegatingMethodAccessorImpl.java:43) ~[na:1.7.0_51]
	at java.lang.reflect.Method.invoke(Method.java:606) ~[na:1.7.0_51]
	at org.junit.runners.model.FrameworkMethod$1.runReflectiveCall(FrameworkMethod.java:47) [junit-4.11.jar:na]
	at org.junit.internal.runners.model.ReflectiveCallable.run(ReflectiveCallable.java:12) [junit-4.11.jar:na]
	at org.junit.runners.model.FrameworkMethod.invokeExplosively(FrameworkMethod.java:44) [junit-4.11.jar:na]
	at org.junit.internal.runners.statements.InvokeMethod.evaluate(InvokeMethod.java:17) [junit-4.11.jar:na]
	at org.springframework.test.context.junit4.statements.RunBeforeTestMethodCallbacks.evaluate(RunBeforeTestMethodCallbacks.java:74) [spring-test-3.2.2.RELEASE.jar:3.2.2.RELEASE]
	at org.springframework.test.context.junit4.statements.RunAfterTestMethodCallbacks.evaluate(RunAfterTestMethodCallbacks.java:83) [spring-test-3.2.2.RELEASE.jar:3.2.2.RELEASE]
	at org.springframework.test.context.junit4.statements.SpringRepeat.evaluate(SpringRepeat.java:72) [spring-test-3.2.2.RELEASE.jar:3.2.2.RELEASE]
	at org.springframework.test.context.junit4.SpringJUnit4ClassRunner.runChild(SpringJUnit4ClassRunner.java:231) [spring-test-3.2.2.RELEASE.jar:3.2.2.RELEASE]
	at org.springframework.test.context.junit4.SpringJUnit4ClassRunner.runChild(SpringJUnit4ClassRunner.java:88) [spring-test-3.2.2.RELEASE.jar:3.2.2.RELEASE]
	at org.junit.runners.ParentRunner$3.run(ParentRunner.java:238) [junit-4.11.jar:na]
	at org.junit.runners.ParentRunner$1.schedule(ParentRunner.java:63) [junit-4.11.jar:na]
	at org.junit.runners.ParentRunner.runChildren(ParentRunner.java:236) [junit-4.11.jar:na]
	at org.junit.runners.ParentRunner.access$000(ParentRunner.java:53) [junit-4.11.jar:na]
	at org.junit.runners.ParentRunner$2.evaluate(ParentRunner.java:229) [junit-4.11.jar:na]
	at org.springframework.test.context.junit4.statements.RunBeforeTestClassCallbacks.evaluate(RunBeforeTestClassCallbacks.java:61) [spring-test-3.2.2.RELEASE.jar:3.2.2.RELEASE]
	at org.springframework.test.context.junit4.statements.RunAfterTestClassCallbacks.evaluate(RunAfterTestClassCallbacks.java:71) [spring-test-3.2.2.RELEASE.jar:3.2.2.RELEASE]
	at org.junit.runners.ParentRunner.run(ParentRunner.java:309) [junit-4.11.jar:na]
	at org.springframework.test.context.junit4.SpringJUnit4ClassRunner.run(SpringJUnit4ClassRunner.java:174) [spring-test-3.2.2.RELEASE.jar:3.2.2.RELEASE]
	at org.eclipse.jdt.internal.junit4.runner.JUnit4TestReference.run(JUnit4TestReference.java:50) [.cp/:na]
	at org.eclipse.jdt.internal.junit.runner.TestExecution.run(TestExecution.java:38) [.cp/:na]
	at org.eclipse.jdt.internal.junit.runner.RemoteTestRunner.runTests(RemoteTestRunner.java:467) [.cp/:na]
	at org.eclipse.jdt.internal.junit.runner.RemoteTestRunner.runTests(RemoteTestRunner.java:683) [.cp/:na]
	at org.eclipse.jdt.internal.junit.runner.RemoteTestRunner.run(RemoteTestRunner.java:390) [.cp/:na]
	at org.eclipse.jdt.internal.junit.runner.RemoteTestRunner.main(RemoteTestRunner.java:197) [.cp/:na]
Caused by: org.apache.ibatis.exceptions.PersistenceException: 
### Error querying database.  Cause: java.lang.NullPointerException
### The error may exist in file [G:\workspace\his\target\classes\mappers\UserMapper.xml]
### The error may involve defaultParameterMap
### The error occurred while setting parameters
### Cause: java.lang.NullPointerException
	at org.apache.ibatis.exceptions.ExceptionFactory.wrapException(ExceptionFactory.java:23) ~[mybatis-3.2.2.jar:3.2.2]
	at org.apache.ibatis.session.defaults.DefaultSqlSession.selectList(DefaultSqlSession.java:107) ~[mybatis-3.2.2.jar:3.2.2]
	at org.apache.ibatis.session.defaults.DefaultSqlSession.selectList(DefaultSqlSession.java:98) ~[mybatis-3.2.2.jar:3.2.2]
	at sun.reflect.NativeMethodAccessorImpl.invoke0(Native Method) ~[na:1.7.0_51]
	at sun.reflect.NativeMethodAccessorImpl.invoke(NativeMethodAccessorImpl.java:57) ~[na:1.7.0_51]
	at sun.reflect.DelegatingMethodAccessorImpl.invoke(DelegatingMethodAccessorImpl.java:43) ~[na:1.7.0_51]
	at java.lang.reflect.Method.invoke(Method.java:606) ~[na:1.7.0_51]
	at org.mybatis.spring.SqlSessionTemplate$SqlSessionInterceptor.invoke(SqlSessionTemplate.java:354) ~[mybatis-spring-1.2.0.jar:1.2.0]
	... 46 common frames omitted
Caused by: java.lang.NullPointerException: null
	at com.bsc.handler.PageInterceptor.setPageParameter(PageInterceptor.java:134) ~[classes/:na]
	at com.bsc.handler.PageInterceptor.intercept(PageInterceptor.java:93) ~[classes/:na]
	at org.apache.ibatis.plugin.Plugin.invoke(Plugin.java:57) ~[mybatis-3.2.2.jar:3.2.2]
	at com.sun.proxy.$Proxy28.prepare(Unknown Source) ~[na:na]
	at org.apache.ibatis.executor.ReuseExecutor.prepareStatement(ReuseExecutor.java:73) ~[mybatis-3.2.2.jar:3.2.2]
	at org.apache.ibatis.executor.ReuseExecutor.doQuery(ReuseExecutor.java:53) ~[mybatis-3.2.2.jar:3.2.2]
	at org.apache.ibatis.executor.BaseExecutor.queryFromDatabase(BaseExecutor.java:259) ~[mybatis-3.2.2.jar:3.2.2]
	at org.apache.ibatis.executor.BaseExecutor.query(BaseExecutor.java:132) ~[mybatis-3.2.2.jar:3.2.2]
	at org.apache.ibatis.executor.CachingExecutor.query(CachingExecutor.java:105) ~[mybatis-3.2.2.jar:3.2.2]
	at org.apache.ibatis.executor.CachingExecutor.query(CachingExecutor.java:81) ~[mybatis-3.2.2.jar:3.2.2]
	at org.apache.ibatis.session.defaults.DefaultSqlSession.selectList(DefaultSqlSession.java:104) ~[mybatis-3.2.2.jar:3.2.2]
	... 52 common frames omitted
